<?xml version="1.0" encoding="UTF-8"?>
<!-- Generated by org.testng.reporters.JUnitXMLReporter -->
<testsuite ignored="6" hostname="Sunita-laptop" failures="2" tests="5" name="Test(failed)(failed)" time="0.064" errors="0" timestamp="2024-08-05T22:38:59 IST">
  <testcase classname="Sunitapkg.TestNG2" name="AB" time="0.006">
    <failure type="java.lang.AssertionError" message="expected [true] but found [false]">
      <![CDATA[java.lang.AssertionError: expected [true] but found [false]
at Sunitapkg.TestNG2.AB(TestNG2.java:34)
at java.base/java.util.ArrayList.forEach(ArrayList.java:1597)
... Removed 29 stack frames]]>
    </failure>
  </testcase> <!-- AB -->
  <testcase classname="Sunitapkg.SkipTestNG" name="f" time="0.002">
    <skipped/>
  </testcase> <!-- f -->
  <testcase classname="Sunitapkg.Assertion1" name="b" time="0.001">
    <failure type="java.lang.AssertionError" message="expected [true] but found [false]">
      <![CDATA[java.lang.AssertionError: expected [true] but found [false]
at Sunitapkg.Assertion1.b(Assertion1.java:14)
at java.base/java.util.ArrayList.forEach(ArrayList.java:1597)
... Removed 29 stack frames]]>
    </failure>
  </testcase> <!-- b -->
  <testcase classname="Sunitapkg.Assertion1" name="a" time="0.001"/>
  <testcase classname="Sunitapkg.Assertion1" name="c" time="0.0">
    <skipped/>
  </testcase> <!-- c -->
  <testcase classname="Sunitapkg.TestNG2" name="a" time="0.0">
    <ignored/>
  </testcase> <!-- a -->
  <testcase classname="Sunitapkg.SkipTestNG" name="c" time="0.0">
    <ignored/>
  </testcase> <!-- c -->
  <testcase classname="Sunitapkg.SkipTestNG" name="b" time="0.0">
    <ignored/>
  </testcase> <!-- b -->
  <testcase classname="Sunitapkg.SkipTestNG" name="e" time="0.0">
    <ignored/>
  </testcase> <!-- e -->
  <testcase classname="Sunitapkg.SkipTestNG" name="d" time="0.0">
    <ignored/>
  </testcase> <!-- d -->
  <testcase classname="Sunitapkg.TestNG2" name="c" time="0.0">
    <ignored/>
  </testcase> <!-- c -->
</testsuite> <!-- Test(failed)(failed) -->
