<?xml version="1.0" encoding="UTF-8"?>
<testng-results ignored="0" total="1" passed="1" failed="0" skipped="0">
  <reporter-output>
  </reporter-output>
  <suite started-at="2024-08-06T22:51:07 IST" name="Default suite" finished-at="2024-08-06T22:51:07 IST" duration-ms="33">
    <groups>
    </groups>
    <test started-at="2024-08-06T22:51:07 IST" name="Default test" finished-at="2024-08-06T22:51:07 IST" duration-ms="33">
      <class name="Sunitapkg.Assetion3">
        <test-method signature="testAssertion1()[pri:0, instance:Sunitapkg.Assetion3@235834f2]" started-at="2024-08-06T22:51:07 IST" name="testAssertion1" finished-at="2024-08-06T22:51:07 IST" duration-ms="11" status="PASS">
          <reporter-output>
          </reporter-output>
        </test-method> <!-- testAssertion1 -->
      </class> <!-- Sunitapkg.Assetion3 -->
    </test> <!-- Default test -->
  </suite> <!-- Default suite -->
</testng-results>
